AH00558: apache2: Could not reliably determine the server's fully qualified domain name, using 172.18.0.3. Set the 'ServerName' directive globally to suppress this message
[Tue Sep 11 01:01:23.282814 2018] [mpm_prefork:notice] [pid 1] AH00163: Apache/2.4.25 (Debian) PHP/7.0.31 configured -- resuming normal operations
[Tue Sep 11 01:01:23.282867 2018] [core:notice] [pid 1] AH00094: Command line: 'apache2 -D FOREGROUND'
[Tue Sep 11 01:57:00.401098 2018] [mpm_prefork:notice] [pid 1] AH00169: caught SIGTERM, shutting down
AH00112: Warning: DocumentRoot [/var/www/html/public] does not exist
AH00558: apache2: Could not reliably determine the server's fully qualified domain name, using 172.18.0.3. Set the 'ServerName' directive globally to suppress this message
[Tue Sep 11 02:06:07.320724 2018] [mpm_prefork:notice] [pid 1] AH00163: Apache/2.4.25 (Debian) PHP/7.0.31 configured -- resuming normal operations
[Tue Sep 11 02:06:07.320772 2018] [core:notice] [pid 1] AH00094: Command line: 'apache2 -D FOREGROUND'
[Tue Sep 11 02:07:28.911771 2018] [mpm_prefork:notice] [pid 1] AH00169: caught SIGTERM, shutting down
AH00112: Warning: DocumentRoot [/var/www/html/public] does not exist
AH00558: apache2: Could not reliably determine the server's fully qualified domain name, using 172.18.0.3. Set the 'ServerName' directive globally to suppress this message
[Tue Sep 11 02:10:29.306047 2018] [mpm_prefork:notice] [pid 1] AH00163: Apache/2.4.25 (Debian) PHP/7.0.31 configured -- resuming normal operations
[Tue Sep 11 02:10:29.306104 2018] [core:notice] [pid 1] AH00094: Command line: 'apache2 -D FOREGROUND'
[Tue Sep 11 02:11:04.950054 2018] [mpm_prefork:notice] [pid 1] AH00169: caught SIGTERM, shutting down
AH00112: Warning: DocumentRoot [/var/www/html/public] does not exist
AH00558: apache2: Could not reliably determine the server's fully qualified domain name, using 172.18.0.3. Set the 'ServerName' directive globally to suppress this message
[Tue Sep 11 02:13:44.999363 2018] [mpm_prefork:notice] [pid 1] AH00163: Apache/2.4.25 (Debian) PHP/7.0.31 configured -- resuming normal operations
[Tue Sep 11 02:13:44.999413 2018] [core:notice] [pid 1] AH00094: Command line: 'apache2 -D FOREGROUND'
[Tue Sep 11 02:13:48.111942 2018] [mpm_prefork:notice] [pid 1] AH00169: caught SIGTERM, shutting down
AH00558: apache2: Could not reliably determine the server's fully qualified domain name, using 172.18.0.3. Set the 'ServerName' directive globally to suppress this message
[Tue Sep 11 02:14:07.356453 2018] [mpm_prefork:notice] [pid 1] AH00163: Apache/2.4.25 (Debian) PHP/7.0.31 configured -- resuming normal operations
[Tue Sep 11 02:14:07.356513 2018] [core:notice] [pid 1] AH00094: Command line: 'apache2 -D FOREGROUND'
[Tue Sep 11 02:15:47.207706 2018] [mpm_prefork:notice] [pid 1] AH00169: caught SIGTERM, shutting down
